2026-05-04 22:20:12 | INFO     | ────────────────────────────────────────────────────────────
2026-05-04 22:20:12 | INFO     |   INICIO DEL PIPELINE DATAOPS — TELCO CUSTOMER CHURN
2026-05-04 22:20:12 | INFO     | ────────────────────────────────────────────────────────────
2026-05-04 22:20:12 | INFO     | Log guardado en: /workspaces/files/logs/pipeline_20260504_222012.log
2026-05-04 22:20:12 | INFO     | Input  : /workspaces/files/data/telco_raw.csv
2026-05-04 22:20:12 | INFO     | Output : /workspaces/files/output
2026-05-04 22:20:12 | INFO     | ────────────────────────────────────────────────────────────
2026-05-04 22:20:12 | INFO     |   ETAPA 1 — INGESTA
2026-05-04 22:20:12 | INFO     | ────────────────────────────────────────────────────────────
2026-05-04 22:20:12 | INFO     | Fuente    : /workspaces/files/data/telco_raw.csv
2026-05-04 22:20:12 | INFO     | Tamaño    : 954.6 KB
2026-05-04 22:20:12 | INFO     | Columnas detectadas (21): customerID, gender, SeniorCitizen, Partner, Dependents, tenure, PhoneService, MultipleLines, InternetService, OnlineSecurity, OnlineBackup, DeviceProtection, TechSupport, StreamingTV, StreamingMovies, Contract, PaperlessBilling, PaymentMethod, MonthlyCharges, TotalCharges, Churn
2026-05-04 22:20:12 | INFO     | Registros ingestados : 7,043
2026-05-04 22:20:12 | INFO     | Tiempo de ingesta    : 0.074s
2026-05-04 22:20:12 | INFO     | ✔ Etapa 1 completada exitosamente
2026-05-04 22:20:12 | INFO     | ────────────────────────────────────────────────────────────
2026-05-04 22:20:12 | INFO     |   ETAPA 2 — LIMPIEZA Y TRANSFORMACIÓN
2026-05-04 22:20:12 | INFO     | ────────────────────────────────────────────────────────────
2026-05-04 22:20:12 | INFO     |   TotalCharges vacío → imputado 0.0 [ID: ***3fc827, tenure=0]
2026-05-04 22:20:12 | INFO     |   TotalCharges vacío → imputado 0.0 [ID: ***cc8dcc, tenure=0]
2026-05-04 22:20:12 | INFO     |   TotalCharges vacío → imputado 0.0 [ID: ***58d283, tenure=0]
2026-05-04 22:20:12 | INFO     |   TotalCharges vacío → imputado 0.0 [ID: ***ea0b24, tenure=0]
2026-05-04 22:20:12 | INFO     |   TotalCharges vacío → imputado 0.0 [ID: ***0e9341, tenure=0]
2026-05-04 22:20:12 | INFO     |   TotalCharges vacío → imputado 0.0 [ID: ***8c6c0d, tenure=0]
2026-05-04 22:20:12 | INFO     |   TotalCharges vacío → imputado 0.0 [ID: ***f3d447, tenure=0]
2026-05-04 22:20:12 | INFO     |   TotalCharges vacío → imputado 0.0 [ID: ***3c63ff, tenure=0]
2026-05-04 22:20:12 | INFO     |   TotalCharges vacío → imputado 0.0 [ID: ***01b325, tenure=0]
2026-05-04 22:20:12 | INFO     |   TotalCharges vacío → imputado 0.0 [ID: ***53819d, tenure=0]
2026-05-04 22:20:12 | INFO     |   TotalCharges vacío → imputado 0.0 [ID: ***384944, tenure=0]
2026-05-04 22:20:12 | INFO     | Registros entrada     : 7,043
2026-05-04 22:20:12 | INFO     | Registros limpios     : 7,043
2026-05-04 22:20:12 | INFO     | TotalCharges imputados: 11
2026-05-04 22:20:12 | INFO     | Duplicados eliminados : 0
2026-05-04 22:20:12 | INFO     | Errores de conversión : 0
2026-05-04 22:20:12 | INFO     | Tiempo de limpieza    : 0.405s
2026-05-04 22:20:12 | INFO     | ✔ Etapa 2 completada exitosamente
2026-05-04 22:20:12 | INFO     | ────────────────────────────────────────────────────────────
2026-05-04 22:20:12 | INFO     |   ETAPA 3 — VALIDACIÓN ESTRUCTURAL Y SEMÁNTICA
2026-05-04 22:20:12 | INFO     | ────────────────────────────────────────────────────────────
2026-05-04 22:20:12 | INFO     | Registros validados  : 7,043
2026-05-04 22:20:12 | INFO     | Registros rechazados : 0 (0.00%)
2026-05-04 22:20:12 | INFO     | Errores por tipo:
2026-05-04 22:20:12 | INFO     | ✔ KPI tasa de rechazo OK: 0.00% (umbral: 1%)
2026-05-04 22:20:12 | INFO     | Tiempo de validación : 0.097s
2026-05-04 22:20:12 | INFO     | ✔ Etapa 3 completada exitosamente
2026-05-04 22:20:12 | INFO     | ────────────────────────────────────────────────────────────
2026-05-04 22:20:12 | INFO     |   ETAPA 4 — CARGA
2026-05-04 22:20:12 | INFO     | ────────────────────────────────────────────────────────────
2026-05-04 22:20:13 | INFO     | Dataset limpio exportado  → /workspaces/files/output/telco_clean.csv
2026-05-04 22:20:13 | INFO     |   Registros escritos: 7,043
2026-05-04 22:20:13 | INFO     | Reporte de ejecución      → /workspaces/files/output/pipeline_report_20260504_222012.txt
2026-05-04 22:20:13 | INFO     | ────────────────────────────────────────────────────────────
2026-05-04 22:20:13 | INFO     |   KPIS DEL PIPELINE
2026-05-04 22:20:13 | INFO     | ────────────────────────────────────────────────────────────
2026-05-04 22:20:13 | INFO     | Completitud    : 100.00%  (umbral >= 99%)  ✔ OK
2026-05-04 22:20:13 | INFO     | Tasa rechazo   : 0.00%   (umbral <= 1%)   ✔ OK
2026-05-04 22:20:13 | INFO     | Latencia total : 0.694s   (umbral < 60s)   ✔ OK
2026-05-04 22:20:13 | INFO     | Tiempo de carga      : 0.107s
2026-05-04 22:20:13 | INFO     | ✔ Etapa 4 completada exitosamente
2026-05-04 22:20:13 | INFO     | ────────────────────────────────────────────────────────────
2026-05-04 22:20:13 | INFO     |   PIPELINE FINALIZADO
2026-05-04 22:20:13 | INFO     | ────────────────────────────────────────────────────────────
2026-05-04 22:20:13 | INFO     | Duración total: 0.696s  |  Registros finales: 7,043  |  Log: /workspaces/files/logs/pipeline_20260504_222012.log
